buitins.cpp(6): Warning! W726: col(1) no reference to formal parameter 'command'
buitins.cpp(3): Note! N392: col(18) definition: 'char * command' in 'void clear( char *, char *, Disk & )'
buitins.cpp(6): Warning! W726: col(1) no reference to formal parameter 'currentPath'
buitins.cpp(3): Note! N392: col(33) definition: 'char * currentPath' in 'void clear( char *, char *, Disk & )'
buitins.cpp(6): Warning! W726: col(1) no reference to formal parameter 'disk'
buitins.cpp(3): Note! N392: col(52) definition: 'Disk & disk' in 'void clear( char *, char *, Disk & )'
buitins.cpp(11): Warning! W726: col(1) no reference to formal parameter 'command'
buitins.cpp(8): Note! N392: col(17) definition: 'char * command' in 'void help( char *, char *, Disk & )'
buitins.cpp(11): Warning! W726: col(1) no reference to formal parameter 'currentPath'
buitins.cpp(8): Note! N392: col(32) definition: 'char * currentPath' in 'void help( char *, char *, Disk & )'
buitins.cpp(11): Warning! W726: col(1) no reference to formal parameter 'disk'
buitins.cpp(8): Note! N392: col(51) definition: 'Disk & disk' in 'void help( char *, char *, Disk & )'
buitins.cpp(40): Warning! W726: col(1) no reference to formal parameter 'command'
buitins.cpp(13): Note! N392: col(15) definition: 'char * command' in 'void ls( char *, char *, Disk & )'
buitins.cpp(85): Warning! W726: col(1) no reference to formal parameter 'command'
buitins.cpp(82): Note! N392: col(16) definition: 'char * command' in 'void pwd( char *, char *, Disk & )'
buitins.cpp(85): Warning! W726: col(1) no reference to formal parameter 'disk'
buitins.cpp(82): Note! N392: col(50) definition: 'Disk & disk' in 'void pwd( char *, char *, Disk & )'
buitins.cpp(93): Warning! W391: col(18) assignment found in boolean expression
buitins.cpp(101): Warning! W726: col(1) no reference to formal parameter 'currentPath'
buitins.cpp(87): Note! N392: col(31) definition: 'char * currentPath' in 'void cat( char *, char *, Disk & )'
buitins.cpp(235): Warning! W726: col(1) no reference to formal parameter 'command'
buitins.cpp(107): Note! N392: col(21) definition: 'char * command' in 'void drawFace( char *, char *, Disk & )'
buitins.cpp(235): Warning! W726: col(1) no reference to formal parameter 'currentPath'
buitins.cpp(107): Note! N392: col(36) definition: 'char * currentPath' in 'void drawFace( char *, char *, Disk & )'
buitins.cpp(235): Warning! W726: col(1) no reference to formal parameter 'disk'
buitins.cpp(107): Note! N392: col(55) definition: 'Disk & disk' in 'void drawFace( char *, char *, Disk & )'
buitins.cpp(277): Warning! W726: col(1) no reference to formal parameter 'command'
buitins.cpp(251): Note! N392: col(17) definition: 'char * command' in 'void htop( char *, char *, Disk & )'
buitins.cpp(277): Warning! W726: col(1) no reference to formal parameter 'currentPath'
buitins.cpp(251): Note! N392: col(32) definition: 'char * currentPath' in 'void htop( char *, char *, Disk & )'
buitins.cpp(333): Warning! W726: col(1) no reference to formal parameter 'command'
buitins.cpp(279): Note! N392: col(23) definition: 'char * command' in 'void drawPixels( char *, char *, Disk & )'
buitins.cpp(333): Warning! W726: col(1) no reference to formal parameter 'currentPath'
buitins.cpp(279): Note! N392: col(38) definition: 'char * currentPath' in 'void drawPixels( char *, char *, Disk & )'
buitins.cpp(333): Warning! W726: col(1) no reference to formal parameter 'disk'
buitins.cpp(279): Note! N392: col(57) definition: 'Disk & disk' in 'void drawPixels( char *, char *, Disk & )'
buitins.cpp(372): Warning! W726: col(1) no reference to formal parameter 'command'
buitins.cpp(335): Note! N392: col(23) definition: 'char * command' in 'void drawSymbal( char *, char *, Disk & )'
buitins.cpp(372): Warning! W726: col(1) no reference to formal parameter 'currentPath'
buitins.cpp(335): Note! N392: col(38) definition: 'char * currentPath' in 'void drawSymbal( char *, char *, Disk & )'
buitins.cpp(372): Warning! W726: col(1) no reference to formal parameter 'disk'
buitins.cpp(335): Note! N392: col(57) definition: 'Disk & disk' in 'void drawSymbal( char *, char *, Disk & )'
